<?xml version="1.0" encoding="UTF-8"?>
<coverage generated="1658064466420" clover="3.2.0">
  <project timestamp="1658064466420" name="All files">
    <metrics statements="9" coveredstatements="9" conditionals="3" coveredconditionals="3" methods="6" coveredmethods="6" elements="18" coveredelements="18" complexity="0" loc="9" ncloc="9" packages="1" files="1" classes="1"/>
    <file name="csv-util.js" path="/Users/thiagodnf/Workspace/just/src/utils/csv-util.js">
      <metrics statements="9" coveredstatements="9" conditionals="3" coveredconditionals="3" methods="6" coveredmethods="6"/>
      <line num="5" count="1" type="stmt"/>
      <line num="6" count="5" type="stmt"/>
      <line num="7" count="5" type="stmt"/>
      <line num="9" count="3" type="stmt"/>
      <line num="10" count="6" type="stmt"/>
      <line num="13" count="6" type="stmt"/>
      <line num="15" count="6" type="cond" truecount="2" falsecount="0"/>
      <line num="16" count="2" type="stmt"/>
      <line num="19" count="4" type="stmt"/>
    </file>
  </project>
</coverage>
