{"/Users/thiagodnf/Workspace/just/src/utils/csv-util.js": {"path":"/Users/thiagodnf/Workspace/just/src/utils/csv-util.js","statementMap":{"0":{"start":{"line":5,"column":8},"end":{"line":21,"column":15}},"1":{"start":{"line":6,"column":22},"end":{"line":6,"column":30}},"2":{"start":{"line":7,"column":25},"end":{"line":7,"column":59}},"3":{"start":{"line":9,"column":16},"end":{"line":20,"column":23}},"4":{"start":{"line":10,"column":30},"end":{"line":10,"column":38}},"5":{"start":{"line":13,"column":37},"end":{"line":13,"column":46}},"6":{"start":{"line":15,"column":24},"end":{"line":17,"column":25}},"7":{"start":{"line":16,"column":28},"end":{"line":16,"column":37}},"8":{"start":{"line":19,"column":24},"end":{"line":19,"column":38}}},"fnMap":{"0":{"name":"(anonymous_0)","decl":{"start":{"line":3,"column":4},"end":{"line":3,"column":5}},"loc":{"start":{"line":3,"column":43},"end":{"line":22,"column":5}},"line":3},"1":{"name":"(anonymous_1)","decl":{"start":{"line":6,"column":17},"end":{"line":6,"column":18}},"loc":{"start":{"line":6,"column":22},"end":{"line":6,"column":30}},"line":6},"2":{"name":"(anonymous_2)","decl":{"start":{"line":7,"column":20},"end":{"line":7,"column":21}},"loc":{"start":{"line":7,"column":25},"end":{"line":7,"column":59}},"line":7},"3":{"name":"(anonymous_3)","decl":{"start":{"line":8,"column":17},"end":{"line":8,"column":18}},"loc":{"start":{"line":8,"column":22},"end":{"line":21,"column":13}},"line":8},"4":{"name":"(anonymous_4)","decl":{"start":{"line":10,"column":25},"end":{"line":10,"column":26}},"loc":{"start":{"line":10,"column":30},"end":{"line":10,"column":38}},"line":10},"5":{"name":"(anonymous_5)","decl":{"start":{"line":11,"column":25},"end":{"line":11,"column":26}},"loc":{"start":{"line":11,"column":30},"end":{"line":20,"column":21}},"line":11}},"branchMap":{"0":{"loc":{"start":{"line":3,"column":26},"end":{"line":3,"column":41}},"type":"default-arg","locations":[{"start":{"line":3,"column":38},"end":{"line":3,"column":41}}],"line":3},"1":{"loc":{"start":{"line":15,"column":24},"end":{"line":17,"column":25}},"type":"if","locations":[{"start":{"line":15,"column":24},"end":{"line":17,"column":25}},{"start":{},"end":{}}],"line":15}},"s":{"0":1,"1":5,"2":5,"3":3,"4":6,"5":6,"6":6,"7":2,"8":4},"f":{"0":1,"1":5,"2":5,"3":3,"4":6,"5":6},"b":{"0":[1],"1":[2,4]},"_coverageSchema":"1a1c01bbd47fc00a2c39e90264f33305004495a9","hash":"368c6fd73573c53106c9daa3e7ce4a8312f8f96b"}
}
